Arguments: 
  /opt/homebrew/Cellar/node/18.4.0/bin/node /opt/homebrew/Cellar/yarn/1.22.19/libexec/bin/yarn.js test

PATH: 
  /Users/aidanmatchette/.miniconda/bin:/Users/aidanmatchette/Library/Caches/fnm_multishells/98814_1657063261861/bin:/Users/aidanmatchette/.fnm:/Users/aidanmatchette/.local/share/go/bin:/Users/aidanmatchette/.cargo/bin:/Users/aidanmatchette/.local/bin:/opt/homebrew/bin:/opt/homebrew/sbin:/usr/local/bin:/usr/bin:/bin:/usr/sbin:/sbin:/Users/aidanmatchette/.cargo/bin:/Applications/kitty.app/Contents/MacOS:./node_modules/.bin

Yarn version: 
  1.22.19

Node version: 
  18.4.0

Platform: 
  darwin arm64

Trace: 
  SyntaxError: /Users/aidanmatchette/quebec/projects/netflix/netflix-clone/package.json: Unexpected token ] in JSON at position 1658
      at JSON.parse (<anonymous>)
      at /opt/homebrew/Cellar/yarn/1.22.19/libexec/lib/cli.js:1629:59
      at Generator.next (<anonymous>)
      at step (/opt/homebrew/Cellar/yarn/1.22.19/libexec/lib/cli.js:310:30)
      at /opt/homebrew/Cellar/yarn/1.22.19/libexec/lib/cli.js:321:13

npm manifest: 
  {
    "name": "netflix-clone",
    "version": "0.1.0",
    "private": true,
    "dependencies": {
      "@testing-library/jest-dom": "^5.16.4",
      "@testing-library/react": "^13.3.0",
      "@testing-library/user-event": "^13.5.0",
      "firebase": "^9.8.4",
      "fuse.js": "^6.6.2",
      "normalize.css": "^8.0.1",
      "react": "^18.2.0",
      "react-dom": "^18.2.0",
      "react-router-dom": "^6.3.0",
      "react-scripts": "5.0.1",
      "styled-components": "^5.3.5",
      "web-vitals": "^2.1.4"
    },
    "scripts": {
      "start": "react-scripts start",
      "build": "react-scripts build",
      "test": "react-scripts test --coverage --watchAll",
      "eject": "react-scripts eject"
    },
    "eslintConfig": {
      "extends": [
        "react-app",
        "react-app/jest"
      ]
    },
    "browserslist": {
      "production": [
        ">0.2%",
        "not dead",
        "not op_mini all"
      ],
      "development": [
        "last 1 chrome version",
        "last 1 firefox version",
        "last 1 safari version"
      ]
    },
    "jest": {
      "collectCoverageFrom": [
        "<rootDir>/src/**/*.js",
        "!<rootDir>/src/app.js",
        "!<rootDir>/src/helpers/routes.js",
        "!<rootDir>/src/lib/firebase.js",
        "!<rootDir>/src/lib/firebase.prod.js",
        "!<rootDir>/src/index.js",
        "!<rootDir>/src/seed.js",
        "!<rootDir>/src/utils/index.js",
        "!<rootDir>/src/pages/index.js",
        "!<rootDir>/src/global-styles.js",
        "!<rootDir>/src/components/index.js",
        "!<rootDir>/src/firebase.prod.js",
        "!<rootDir>/src/hooks/*.js",
        "!<rootDir>/src/context/*.js",
        "!<rootDir>/src/containers/browse.js",
        "!<rootDir>/src/utils/selection-filter.js",
      ],
      "coverageThreshold": {
        "global": {
          "branches": 90,
          "functions": 90,
          "lines": 90,
          "statements": 90
        }
      },
      "coverageReporters": [
        "html",
        "text"
      ]
    },
    "devDependencies": {
      "babel-eslint": "^10.1.0",
      "eslint-plugin-import": "^2.26.0",
      "eslint-plugin-jsx-a11y": "^6.6.0",
      "eslint-plugin-react": "^7.30.1",
      "eslint-plugin-testing-library": "^5.5.1"
    }
  }

yarn manifest: 
  No manifest

Lockfile: 
  No lockfile
